info it worked if it ends with ok
verbose cli [ 'node',
verbose cli   '/usr/local/bin/npm',
verbose cli   'install',
verbose cli   '-g',
verbose cli   'coffee-script' ]
info using npm@1.0.106
info using node@v0.4.12
verbose config file /home/rahul/.npmrc
verbose config file /usr/local/etc/npmrc
verbose config file /usr/local/lib/node_modules/npm/npmrc
verbose into /usr/local/lib [ 'coffee-script' ]
verbose cache add coffee-script
verbose cache add [ 'coffee-script', null ]
silly cache add: name, spec, args [ undefined,
silly cache add: name, spec, args   'coffee-script',
silly cache add: name, spec, args   [ 'coffee-script', null ] ]
verbose parsed url { pathname: 'coffee-script', href: 'coffee-script' }
info addNamed [ 'coffee-script', '' ]
verbose addNamed [ null, '' ]
verbose GET coffee-script
verbose raw, before any munging coffee-script
verbose url resolving [ 'https://registry.npmjs.org/', './coffee-script' ]
verbose url resolved https://registry.npmjs.org/coffee-script
verbose etag "3MXVQP0QD2XFCXILWESP4GNJ3"
silly get cb [ 304,
silly get cb   { server: 'CouchDB/1.2.0 (Erlang OTP/R15B)',
silly get cb     etag: '"3MXVQP0QD2XFCXILWESP4GNJ3"',
silly get cb     date: 'Thu, 19 Apr 2012 16:10:53 GMT',
silly get cb     'content-length': '0' } ]
verbose etag coffee-script from cache
verbose GET coffee-script/1.3.1
verbose raw, before any munging coffee-script/1.3.1
verbose url resolving [ 'https://registry.npmjs.org/',
verbose url resolving   './coffee-script/1.3.1' ]
verbose url resolved https://registry.npmjs.org/coffee-script/1.3.1
verbose etag "3MXVQP0QD2XFCXILWESP4GNJ3"
silly get cb [ 304,
silly get cb   { server: 'CouchDB/1.2.0 (Erlang OTP/R15B)',
silly get cb     etag: '"3MXVQP0QD2XFCXILWESP4GNJ3"',
silly get cb     date: 'Thu, 19 Apr 2012 16:10:55 GMT',
silly get cb     'content-length': '0' } ]
verbose etag coffee-script/1.3.1 from cache
verbose bin dist [ '0.4-ares1.7.4-ev4.4-openssl0.9.8o-v83.1.8.26-linux-3.0.0-17-generic',
verbose bin dist   { shasum: '4da0f14eb44e809e8c1d598f5513d7302a91afd7',
verbose bin dist     tarball: 'http://registry.npmjs.org/coffee-script/-/coffee-script-1.3.1.tgz' } ]
silly testEngine { name: 'coffee-script',
silly testEngine   description: 'Unfancy JavaScript',
silly testEngine   keywords: [ 'javascript', 'language', 'coffeescript', 'compiler' ],
silly testEngine   author: { name: 'Jeremy Ashkenas' },
silly testEngine   version: '1.3.1',
silly testEngine   licenses: 
silly testEngine    [ { type: 'MIT',
silly testEngine        url: 'http://github.com/jashkenas/coffee-script/raw/master/LICENSE' } ],
silly testEngine   engines: { node: '>=0.4.0' },
silly testEngine   directories: { lib: './lib/coffee-script' },
silly testEngine   main: './lib/coffee-script/coffee-script',
silly testEngine   bin: { coffee: './bin/coffee', cake: './bin/cake' },
silly testEngine   homepage: 'http://coffeescript.org',
silly testEngine   repository: 
silly testEngine    { type: 'git',
silly testEngine      url: 'git://github.com/jashkenas/coffee-script.git' },
silly testEngine   devDependencies: { 'uglify-js': '>=1.0.0', jison: '>=0.2.0' },
silly testEngine   _id: 'coffee-script@1.3.1',
silly testEngine   dependencies: {},
silly testEngine   _engineSupported: true,
silly testEngine   _npmVersion: '1.0.106',
silly testEngine   _nodeVersion: 'v0.4.12',
silly testEngine   _defaultsLoaded: true }
verbose caching /home/rahul/.npm/coffee-script/1.3.1/package/package.json
verbose loadDefaults coffee-script@1.3.1
silly resolved [ { name: 'coffee-script',
silly resolved     description: 'Unfancy JavaScript',
silly resolved     keywords: [ 'javascript', 'language', 'coffeescript', 'compiler' ],
silly resolved     author: { name: 'Jeremy Ashkenas' },
silly resolved     version: '1.3.1',
silly resolved     licenses: 
silly resolved      [ { type: 'MIT',
silly resolved          url: 'http://github.com/jashkenas/coffee-script/raw/master/LICENSE' } ],
silly resolved     engines: { node: '>=0.4.0' },
silly resolved     directories: { lib: './lib/coffee-script' },
silly resolved     main: './lib/coffee-script/coffee-script',
silly resolved     bin: { coffee: './bin/coffee', cake: './bin/cake' },
silly resolved     homepage: 'http://coffeescript.org',
silly resolved     repository: 
silly resolved      { type: 'git',
silly resolved        url: 'git://github.com/jashkenas/coffee-script.git' },
silly resolved     devDependencies: { 'uglify-js': '>=1.0.0', jison: '>=0.2.0' },
silly resolved     _id: 'coffee-script@1.3.1',
silly resolved     dependencies: {},
silly resolved     _engineSupported: true,
silly resolved     _npmVersion: '1.0.106',
silly resolved     _nodeVersion: 'v0.4.12',
silly resolved     _defaultsLoaded: true } ]
info into /usr/local/lib coffee-script@1.3.1
info installOne coffee-script@1.3.1
info unbuild /usr/local/lib/node_modules/coffee-script
verbose from cache /home/rahul/.npm/coffee-script/1.3.1/package/package.json
verbose mkdir (expected) error ENOENT, No such file or directory '/usr/local/lib/node_modules/___coffee-script.npm'
verbose unpack_ uid, gid [ undefined, undefined ]
verbose unpackTarget /usr/local/lib/node_modules/coffee-script
ERR! Could not create /usr/local/lib/node_modules/___coffee-script.npm
ERR! error installing coffee-script@1.3.1 Error: EACCES, Permission denied '/usr/local/lib/node_modules/___coffee-script.npm'
info unbuild /usr/local/lib/node_modules/coffee-script
verbose installOne cb coffee-script@1.3.1
ERR! Error: EACCES, Permission denied '/usr/local/lib/node_modules/___coffee-script.npm'
ERR! Report this *entire* log at:
ERR!     <http://github.com/isaacs/npm/issues>
ERR! or email it to:
ERR!     <npm-@googlegroups.com>
ERR! 
ERR! System Linux 3.0.0-17-generic
ERR! command "node" "/usr/local/bin/npm" "install" "-g" "coffee-script"
ERR! cwd /home/rahul/musings/js
ERR! node -v v0.4.12
ERR! npm -v 1.0.106
ERR! path /usr/local/lib/node_modules/___coffee-script.npm
ERR! code EACCES
verbose exit [ 1, true ]
